nohup: no se tendrá en cuenta la entrada
/home/joseph/.local/lib/python3.13/site-packages/flask_sqlalchemy/model.py:144: SAWarning: Implicitly combining column assessment.external_id with column periodic_test.external_id under attribute 'external_id'.  Please configure one or more attributes for these same-named columns explicitly.
  super().__init__(name, bases, d, **kwargs)
postgresql://postgres:1234@localhost:5432/kallpa_bd
2026-01-05 21:59:47,536 INFO sqlalchemy.engine.Engine select pg_catalog.version()
2026-01-05 21:59:47,537 INFO sqlalchemy.engine.Engine [raw sql] {}
2026-01-05 21:59:47,537 INFO sqlalchemy.engine.Engine select current_schema()
2026-01-05 21:59:47,537 INFO sqlalchemy.engine.Engine [raw sql] {}
2026-01-05 21:59:47,537 INFO sqlalchemy.engine.Engine show standard_conforming_strings
2026-01-05 21:59:47,537 INFO sqlalchemy.engine.Engine [raw sql] {}
2026-01-05 21:59:47,538 INFO sqlalchemy.engine.Engine BEGIN (implicit)
2026-01-05 21:59:47,540 INFO sqlalchemy.engine.Engine SELECT pg_catalog.pg_class.relname 
FROM pg_catalog.pg_class JOIN pg_catalog.pg_namespace ON pg_catalog.pg_namespace.oid = pg_catalog.pg_class.relnamespace 
WHERE pg_catalog.pg_class.relname = %(table_name)s AND pg_catalog.pg_class.relkind = ANY (ARRAY[%(param_1)s, %(param_2)s, %(param_3)s, %(param_4)s, %(param_5)s]) AND pg_catalog.pg_table_is_visible(pg_catalog.pg_class.oid) AND pg_catalog.pg_namespace.nspname != %(nspname_1)s
2026-01-05 21:59:47,540 INFO sqlalchemy.engine.Engine [generated in 0.00013s] {'table_name': 'attendance', 'param_1': 'r', 'param_2': 'p', 'param_3': 'f', 'param_4': 'v', 'param_5': 'm', 'nspname_1': 'pg_catalog'}
2026-01-05 21:59:47,540 INFO sqlalchemy.engine.Engine SELECT pg_catalog.pg_class.relname 
FROM pg_catalog.pg_class JOIN pg_catalog.pg_namespace ON pg_catalog.pg_namespace.oid = pg_catalog.pg_class.relnamespace 
WHERE pg_catalog.pg_class.relname = %(table_name)s AND pg_catalog.pg_class.relkind = ANY (ARRAY[%(param_1)s, %(param_2)s, %(param_3)s, %(param_4)s, %(param_5)s]) AND pg_catalog.pg_table_is_visible(pg_catalog.pg_class.oid) AND pg_catalog.pg_namespace.nspname != %(nspname_1)s
2026-01-05 21:59:47,541 INFO sqlalchemy.engine.Engine [cached since 0.0009242s ago] {'table_name': 'participant', 'param_1': 'r', 'param_2': 'p', 'param_3': 'f', 'param_4': 'v', 'param_5': 'm', 'nspname_1': 'pg_catalog'}
2026-01-05 21:59:47,541 INFO sqlalchemy.engine.Engine SELECT pg_catalog.pg_class.relname 
FROM pg_catalog.pg_class JOIN pg_catalog.pg_namespace ON pg_catalog.pg_namespace.oid = pg_catalog.pg_class.relnamespace 
WHERE pg_catalog.pg_class.relname = %(table_name)s AND pg_catalog.pg_class.relkind = ANY (ARRAY[%(param_1)s, %(param_2)s, %(param_3)s, %(param_4)s, %(param_5)s]) AND pg_catalog.pg_table_is_visible(pg_catalog.pg_class.oid) AND pg_catalog.pg_namespace.nspname != %(nspname_1)s
2026-01-05 21:59:47,541 INFO sqlalchemy.engine.Engine [cached since 0.001238s ago] {'table_name': 'responsible', 'param_1': 'r', 'param_2': 'p', 'param_3': 'f', 'param_4': 'v', 'param_5': 'm', 'nspname_1': 'pg_catalog'}
2026-01-05 21:59:47,541 INFO sqlalchemy.engine.Engine SELECT pg_catalog.pg_class.relname 
FROM pg_catalog.pg_class JOIN pg_catalog.pg_namespace ON pg_catalog.pg_namespace.oid = pg_catalog.pg_class.relnamespace 
WHERE pg_catalog.pg_class.relname = %(table_name)s AND pg_catalog.pg_class.relkind = ANY (ARRAY[%(param_1)s, %(param_2)s, %(param_3)s, %(param_4)s, %(param_5)s]) AND pg_catalog.pg_table_is_visible(pg_catalog.pg_class.oid) AND pg_catalog.pg_namespace.nspname != %(nspname_1)s
2026-01-05 21:59:47,541 INFO sqlalchemy.engine.Engine [cached since 0.001514s ago] {'table_name': 'schedule', 'param_1': 'r', 'param_2': 'p', 'param_3': 'f', 'param_4': 'v', 'param_5': 'm', 'nspname_1': 'pg_catalog'}
2026-01-05 21:59:47,541 INFO sqlalchemy.engine.Engine SELECT pg_catalog.pg_class.relname 
FROM pg_catalog.pg_class JOIN pg_catalog.pg_namespace ON pg_catalog.pg_namespace.oid = pg_catalog.pg_class.relnamespace 
WHERE pg_catalog.pg_class.relname = %(table_name)s AND pg_catalog.pg_class.relkind = ANY (ARRAY[%(param_1)s, %(param_2)s, %(param_3)s, %(param_4)s, %(param_5)s]) AND pg_catalog.pg_table_is_visible(pg_catalog.pg_class.oid) AND pg_catalog.pg_namespace.nspname != %(nspname_1)s
2026-01-05 21:59:47,541 INFO sqlalchemy.engine.Engine [cached since 0.00178s ago] {'table_name': 'assessment', 'param_1': 'r', 'param_2': 'p', 'param_3': 'f', 'param_4': 'v', 'param_5': 'm', 'nspname_1': 'pg_catalog'}
2026-01-05 21:59:47,542 INFO sqlalchemy.engine.Engine SELECT pg_catalog.pg_class.relname 
FROM pg_catalog.pg_class JOIN pg_catalog.pg_namespace ON pg_catalog.pg_namespace.oid = pg_catalog.pg_class.relnamespace 
WHERE pg_catalog.pg_class.relname = %(table_name)s AND pg_catalog.pg_class.relkind = ANY (ARRAY[%(param_1)s, %(param_2)s, %(param_3)s, %(param_4)s, %(param_5)s]) AND pg_catalog.pg_table_is_visible(pg_catalog.pg_class.oid) AND pg_catalog.pg_namespace.nspname != %(nspname_1)s
2026-01-05 21:59:47,542 INFO sqlalchemy.engine.Engine [cached since 0.002044s ago] {'table_name': 'periodic_test', 'param_1': 'r', 'param_2': 'p', 'param_3': 'f', 'param_4': 'v', 'param_5': 'm', 'nspname_1': 'pg_catalog'}
2026-01-05 21:59:47,542 INFO sqlalchemy.engine.Engine SELECT pg_catalog.pg_class.relname 
FROM pg_catalog.pg_class JOIN pg_catalog.pg_namespace ON pg_catalog.pg_namespace.oid = pg_catalog.pg_class.relnamespace 
WHERE pg_catalog.pg_class.relname = %(table_name)s AND pg_catalog.pg_class.relkind = ANY (ARRAY[%(param_1)s, %(param_2)s, %(param_3)s, %(param_4)s, %(param_5)s]) AND pg_catalog.pg_table_is_visible(pg_catalog.pg_class.oid) AND pg_catalog.pg_namespace.nspname != %(nspname_1)s
2026-01-05 21:59:47,542 INFO sqlalchemy.engine.Engine [cached since 0.002376s ago] {'table_name': 'evaluation', 'param_1': 'r', 'param_2': 'p', 'param_3': 'f', 'param_4': 'v', 'param_5': 'm', 'nspname_1': 'pg_catalog'}
2026-01-05 21:59:47,542 INFO sqlalchemy.engine.Engine SELECT pg_catalog.pg_class.relname 
FROM pg_catalog.pg_class JOIN pg_catalog.pg_namespace ON pg_catalog.pg_namespace.oid = pg_catalog.pg_class.relnamespace 
WHERE pg_catalog.pg_class.relname = %(table_name)s AND pg_catalog.pg_class.relkind = ANY (ARRAY[%(param_1)s, %(param_2)s, %(param_3)s, %(param_4)s, %(param_5)s]) AND pg_catalog.pg_table_is_visible(pg_catalog.pg_class.oid) AND pg_catalog.pg_namespace.nspname != %(nspname_1)s
2026-01-05 21:59:47,542 INFO sqlalchemy.engine.Engine [cached since 0.002719s ago] {'table_name': 'evaluation_result', 'param_1': 'r', 'param_2': 'p', 'param_3': 'f', 'param_4': 'v', 'param_5': 'm', 'nspname_1': 'pg_catalog'}
2026-01-05 21:59:47,543 INFO sqlalchemy.engine.Engine SELECT pg_catalog.pg_class.relname 
FROM pg_catalog.pg_class JOIN pg_catalog.pg_namespace ON pg_catalog.pg_namespace.oid = pg_catalog.pg_class.relnamespace 
WHERE pg_catalog.pg_class.relname = %(table_name)s AND pg_catalog.pg_class.relkind = ANY (ARRAY[%(param_1)s, %(param_2)s, %(param_3)s, %(param_4)s, %(param_5)s]) AND pg_catalog.pg_table_is_visible(pg_catalog.pg_class.oid) AND pg_catalog.pg_namespace.nspname != %(nspname_1)s
2026-01-05 21:59:47,543 INFO sqlalchemy.engine.Engine [cached since 0.002994s ago] {'table_name': 'test', 'param_1': 'r', 'param_2': 'p', 'param_3': 'f', 'param_4': 'v', 'param_5': 'm', 'nspname_1': 'pg_catalog'}
2026-01-05 21:59:47,543 INFO sqlalchemy.engine.Engine SELECT pg_catalog.pg_class.relname 
FROM pg_catalog.pg_class JOIN pg_catalog.pg_namespace ON pg_catalog.pg_namespace.oid = pg_catalog.pg_class.relnamespace 
WHERE pg_catalog.pg_class.relname = %(table_name)s AND pg_catalog.pg_class.relkind = ANY (ARRAY[%(param_1)s, %(param_2)s, %(param_3)s, %(param_4)s, %(param_5)s]) AND pg_catalog.pg_table_is_visible(pg_catalog.pg_class.oid) AND pg_catalog.pg_namespace.nspname != %(nspname_1)s
2026-01-05 21:59:47,543 INFO sqlalchemy.engine.Engine [cached since 0.003256s ago] {'table_name': 'test_exercise', 'param_1': 'r', 'param_2': 'p', 'param_3': 'f', 'param_4': 'v', 'param_5': 'm', 'nspname_1': 'pg_catalog'}
2026-01-05 21:59:47,543 INFO sqlalchemy.engine.Engine SELECT pg_catalog.pg_class.relname 
FROM pg_catalog.pg_class JOIN pg_catalog.pg_namespace ON pg_catalog.pg_namespace.oid = pg_catalog.pg_class.relnamespace 
WHERE pg_catalog.pg_class.relname = %(table_name)s AND pg_catalog.pg_class.relkind = ANY (ARRAY[%(param_1)s, %(param_2)s, %(param_3)s, %(param_4)s, %(param_5)s]) AND pg_catalog.pg_table_is_visible(pg_catalog.pg_class.oid) AND pg_catalog.pg_namespace.nspname != %(nspname_1)s
2026-01-05 21:59:47,543 INFO sqlalchemy.engine.Engine [cached since 0.003531s ago] {'table_name': 'users', 'param_1': 'r', 'param_2': 'p', 'param_3': 'f', 'param_4': 'v', 'param_5': 'm', 'nspname_1': 'pg_catalog'}
2026-01-05 21:59:47,543 INFO sqlalchemy.engine.Engine SELECT pg_catalog.pg_class.relname 
FROM pg_catalog.pg_class JOIN pg_catalog.pg_namespace ON pg_catalog.pg_namespace.oid = pg_catalog.pg_class.relnamespace 
WHERE pg_catalog.pg_class.relname = %(table_name)s AND pg_catalog.pg_class.relkind = ANY (ARRAY[%(param_1)s, %(param_2)s, %(param_3)s, %(param_4)s, %(param_5)s]) AND pg_catalog.pg_table_is_visible(pg_catalog.pg_class.oid) AND pg_catalog.pg_namespace.nspname != %(nspname_1)s
2026-01-05 21:59:47,543 INFO sqlalchemy.engine.Engine [cached since 0.003817s ago] {'table_name': 'activity_logs', 'param_1': 'r', 'param_2': 'p', 'param_3': 'f', 'param_4': 'v', 'param_5': 'm', 'nspname_1': 'pg_catalog'}
2026-01-05 21:59:47,544 INFO sqlalchemy.engine.Engine COMMIT
[Services] USE_MOCK = True
BASE: /home/joseph/kallpa-unl-backend/app
MOCK PATH: /home/joseph/kallpa-unl-backend/app/mock/users.json
 * Serving Flask app 'app'
 * Debug mode: off
WARNING: This is a development server. Do not use it in a production deployment. Use a production WSGI server instead.
 * Running on http://127.0.0.1:5000
Press CTRL+C to quit
2026-01-05 22:00:47,138 INFO sqlalchemy.engine.Engine BEGIN (implicit)
2026-01-05 22:00:47,140 INFO sqlalchemy.engine.Engine SELECT users.id AS users_id, users.external_id AS users_external_id, users."firstName" AS "users_firstName", users."lastName" AS "users_lastName", users.dni AS users_dni, users.phone AS users_phone, users.email AS users_email, users.address AS users_address, users.password AS users_password, users.role AS users_role, users.status AS users_status, users.java_external AS users_java_external, users.java_token AS users_java_token 
FROM users 
WHERE users.email = %(email_1)s AND users.status = %(status_1)s 
 LIMIT %(param_1)s
2026-01-05 22:00:47,140 INFO sqlalchemy.engine.Engine [generated in 0.00018s] {'email_1': 'admin@kallpa.com', 'status_1': 'ACTIVO', 'param_1': 1}
2026-01-05 22:00:47,142 INFO sqlalchemy.engine.Engine ROLLBACK
127.0.0.1 - - [05/Jan/2026 22:00:47] "POST /api/auth/login HTTP/1.1" 200 -
2026-01-05 22:00:47,146 INFO sqlalchemy.engine.Engine BEGIN (implicit)
2026-01-05 22:00:47,146 INFO sqlalchemy.engine.Engine SELECT users.id AS users_id, users.external_id AS users_external_id, users."firstName" AS "users_firstName", users."lastName" AS "users_lastName", users.dni AS users_dni, users.phone AS users_phone, users.email AS users_email, users.address AS users_address, users.password AS users_password, users.role AS users_role, users.status AS users_status, users.java_external AS users_java_external, users.java_token AS users_java_token 
FROM users 
WHERE users.email = %(email_1)s AND users.status = %(status_1)s 
 LIMIT %(param_1)s
2026-01-05 22:00:47,146 INFO sqlalchemy.engine.Engine [cached since 0.005901s ago] {'email_1': 'admin@kallpa.com', 'status_1': 'ACTIVO', 'param_1': 1}
2026-01-05 22:00:47,154 INFO sqlalchemy.engine.Engine ROLLBACK
127.0.0.1 - - [05/Jan/2026 22:00:47] "POST /api/auth/login HTTP/1.1" 400 -
127.0.0.1 - - [05/Jan/2026 22:00:47] "POST /api/auth/login HTTP/1.1" 400 -
2026-01-05 22:00:47,160 INFO sqlalchemy.engine.Engine BEGIN (implicit)
2026-01-05 22:00:47,160 INFO sqlalchemy.engine.Engine SELECT users.id AS users_id, users.external_id AS users_external_id, users."firstName" AS "users_firstName", users."lastName" AS "users_lastName", users.dni AS users_dni, users.phone AS users_phone, users.email AS users_email, users.address AS users_address, users.password AS users_password, users.role AS users_role, users.status AS users_status, users.java_external AS users_java_external, users.java_token AS users_java_token 
FROM users 
WHERE users.email = %(email_1)s AND users.status = %(status_1)s 
 LIMIT %(param_1)s
2026-01-05 22:00:47,160 INFO sqlalchemy.engine.Engine [cached since 0.02047s ago] {'email_1': 'admin@kallpa.com', 'status_1': 'ACTIVO', 'param_1': 1}
2026-01-05 22:00:47,161 INFO sqlalchemy.engine.Engine ROLLBACK
127.0.0.1 - - [05/Jan/2026 22:00:47] "POST /api/auth/login HTTP/1.1" 200 -
127.0.0.1 - - [05/Jan/2026 22:00:47] "POST /api/save-participants HTTP/1.1" 201 -
[UserServiceMock] No se pudo sincronizar con Java: {'success': False, 'error': 'Illegal base64 character 2e', 'errors': []}
TYPE: <class 'dict'> {'status': 'ok', 'msg': 'Participante registrado exitosamente (MOCK)', 'data': {'id': 55, 'external_id': '980f3d4b-7c1a-45f7-8eec-8949d60ea133', 'firstName': 'Juan', 'lastName': 'Pérez', 'age': 25, 'dni': '1147630140', 'phone': '0991234567', 'email': 'juan.1147630140@test.com', 'address': 'Calle Falsa 123', 'status': 'ACTIVO', 'type': 'ESTUDIANTE', 'program': 'FUNCIONAL', 'java_synced': False}, 'code': 201}
2026-01-05 22:00:47,182 INFO sqlalchemy.engine.Engine BEGIN (implicit)
2026-01-05 22:00:47,182 INFO sqlalchemy.engine.Engine SELECT users.id AS users_id, users.external_id AS users_external_id, users."firstName" AS "users_firstName", users."lastName" AS "users_lastName", users.dni AS users_dni, users.phone AS users_phone, users.email AS users_email, users.address AS users_address, users.password AS users_password, users.role AS users_role, users.status AS users_status, users.java_external AS users_java_external, users.java_token AS users_java_token 
FROM users 
WHERE users.email = %(email_1)s AND users.status = %(status_1)s 
 LIMIT %(param_1)s
2026-01-05 22:00:47,182 INFO sqlalchemy.engine.Engine [cached since 0.04228s ago] {'email_1': 'admin@kallpa.com', 'status_1': 'ACTIVO', 'param_1': 1}
2026-01-05 22:00:47,183 INFO sqlalchemy.engine.Engine ROLLBACK
127.0.0.1 - - [05/Jan/2026 22:00:47] "POST /api/auth/login HTTP/1.1" 200 -
127.0.0.1 - - [05/Jan/2026 22:00:47] "POST /api/users HTTP/1.1" 400 -
127.0.0.1 - - [05/Jan/2026 22:00:47] "POST /api/users HTTP/1.1" 400 -
TYPE: <class 'dict'> {'status': 'error', 'msg': 'Error: La cédula ya se encuentra registrada', 'data': None, 'code': 400}
TYPE: <class 'dict'> {'status': 'error', 'msg': 'Error: La cédula ya se encuentra registrada', 'data': None, 'code': 400}
2026-01-05 22:00:47,206 INFO sqlalchemy.engine.Engine BEGIN (implicit)
2026-01-05 22:00:47,206 INFO sqlalchemy.engine.Engine SELECT users.id AS users_id, users.external_id AS users_external_id, users."firstName" AS "users_firstName", users."lastName" AS "users_lastName", users.dni AS users_dni, users.phone AS users_phone, users.email AS users_email, users.address AS users_address, users.password AS users_password, users.role AS users_role, users.status AS users_status, users.java_external AS users_java_external, users.java_token AS users_java_token 
FROM users 
WHERE users.email = %(email_1)s AND users.status = %(status_1)s 
 LIMIT %(param_1)s
2026-01-05 22:00:47,206 INFO sqlalchemy.engine.Engine [cached since 0.06653s ago] {'email_1': 'admin@kallpa.com', 'status_1': 'ACTIVO', 'param_1': 1}
2026-01-05 22:00:47,207 INFO sqlalchemy.engine.Engine ROLLBACK
127.0.0.1 - - [05/Jan/2026 22:00:47] "POST /api/auth/login HTTP/1.1" 200 -
127.0.0.1 - - [05/Jan/2026 22:00:47] "POST /api/users HTTP/1.1" 400 -
TYPE: <class 'dict'> {'status': 'error', 'msg': 'Campo requerido: firstName', 'data': None, 'code': 400}
2026-01-05 22:00:47,214 INFO sqlalchemy.engine.Engine BEGIN (implicit)
2026-01-05 22:00:47,214 INFO sqlalchemy.engine.Engine SELECT users.id AS users_id, users.external_id AS users_external_id, users."firstName" AS "users_firstName", users."lastName" AS "users_lastName", users.dni AS users_dni, users.phone AS users_phone, users.email AS users_email, users.address AS users_address, users.password AS users_password, users.role AS users_role, users.status AS users_status, users.java_external AS users_java_external, users.java_token AS users_java_token 
FROM users 
WHERE users.email = %(email_1)s AND users.status = %(status_1)s 
 LIMIT %(param_1)s
2026-01-05 22:00:47,214 INFO sqlalchemy.engine.Engine [cached since 0.07399s ago] {'email_1': 'admin@kallpa.com', 'status_1': 'ACTIVO', 'param_1': 1}
2026-01-05 22:00:47,215 INFO sqlalchemy.engine.Engine ROLLBACK
127.0.0.1 - - [05/Jan/2026 22:00:47] "POST /api/auth/login HTTP/1.1" 200 -
127.0.0.1 - - [05/Jan/2026 22:00:47] "POST /api/users/initiation HTTP/1.1" 201 -
TYPE: <class 'dict'> {'status': 'ok', 'msg': 'Participante de iniciación y responsable registrados correctamente (MOCK)', 'data': {'id': 56, 'external_id': 'c5d09923-f6b1-48c0-ba68-d4524b4b196f', 'firstName': 'Niño', 'lastName': 'Test', 'age': 12, 'dni': '1221769030', 'phone': '', 'email': '', 'address': 'Av siempre viva', 'status': 'ACTIVO', 'type': 'INICIACION', 'program': 'INICIACION', 'program_name': 'Iniciación', 'program_id': 2, 'responsible': {'name': 'Padre Test', 'dni': '1321002439', 'phone': '0999999999', 'relationship': 'Representante'}, 'java_synced': False}, 'code': 201}
2026-01-05 22:00:47,234 INFO sqlalchemy.engine.Engine BEGIN (implicit)
2026-01-05 22:00:47,234 INFO sqlalchemy.engine.Engine SELECT users.id AS users_id, users.external_id AS users_external_id, users."firstName" AS "users_firstName", users."lastName" AS "users_lastName", users.dni AS users_dni, users.phone AS users_phone, users.email AS users_email, users.address AS users_address, users.password AS users_password, users.role AS users_role, users.status AS users_status, users.java_external AS users_java_external, users.java_token AS users_java_token 
FROM users 
WHERE users.email = %(email_1)s AND users.status = %(status_1)s 
 LIMIT %(param_1)s
2026-01-05 22:00:47,234 INFO sqlalchemy.engine.Engine [cached since 0.09438s ago] {'email_1': 'admin@kallpa.com', 'status_1': 'ACTIVO', 'param_1': 1}
2026-01-05 22:00:47,235 INFO sqlalchemy.engine.Engine ROLLBACK
127.0.0.1 - - [05/Jan/2026 22:00:47] "POST /api/auth/login HTTP/1.1" 200 -
TYPE: <class 'dict'> {'status': 'ok', 'msg': 'Participantes obtenidos correctamente (MOCK)', 'data': [{'id': 1, 'firstName': 'Joseph', 'lastName': 'Balcazar', 'email': 'joseph@example.com', 'dni': None, 'phone': None, 'age': None, 'address': None, 'status': 'ACTIVO', 'type': 'PARTICIPANTE'}, {'id': 2, 'firstName': 'Joseph', 'lastName': 'Balcazar', 'email': 'joseph@example.com', 'dni': None, 'phone': None, 'age': None, 'address': None, 'status': 'ACTIVO', 'type': 'PARTICIPANTE'}, {'id': 3, 'firstName': 'Joseph', 'lastName': 'Balcazar', 'email': 'joseph@example.com', 'dni': None, 'phone': None, 'age': None, 'address': None, 'status': 'ACTIVO', 'type': 'PARTICIPANTE'}, {'id': 7, 'firstName': 'Carlos', 'lastName': 'Vargas', 'age': 22, 'dni': '1104005001', 'phone': '0991234567', 'email': 'carlos.vargas@ejemplo.com', 'address': 'Av. Universitaria', 'status': 'ACTIVO', 'program': 'FUNCIONAL', 'type': 'ESTUDIANTE'}, {'id': 8, 'firstName': 'Pedrito', 'lastName': 'González', 'age': 8, 'dni': '1100000001', 'phone': '', 'email': '', 'address': 'Loja Centro', 'status': 'ACTIVO', 'type': 'INICIACION', 'responsible': {'name': 'María González', 'dni': '1100000002', 'phone': '0991234567', 'relationship': 'MADRE'}}, {'id': 9, 'firstName': 'Pedrito', 'lastName': 'González', 'age': 8, 'dni': '1100000001', 'phone': '', 'email': '', 'address': 'Loja Centro', 'status': 'ACTIVO', 'type': 'INICIACION', 'responsible': {'name': 'María González', 'dni': '1100000002', 'phone': '0991234567', 'relationship': 'MADRE'}}, {'id': 10, 'firstName': 'Carlos', 'lastName': 'Varg', 'age': 21, 'dni': '1104005002', 'phone': '0991234565', 'email': 'carlos.vargas@ejempo.com', 'address': 'Av. Universitaia', 'status': 'ACTIVO', 'program': 'FUNCIONAL', 'type': 'ESTUDIANTE'}, {'id': 11, 'firstName': 'Juan', 'lastName': 'Pérez', 'age': 25, 'dni': '1104000001', 'phone': '0991234567', 'email': 'juan.perez@unl.edu.ec', 'address': 'San Sebastián', 'status': 'ACTIVO', 'program': 'FUNCIONAL', 'type': 'ESTUDIANTE'}, {'id': 12, 'firstName': 'Kevin', 'lastName': 'Niño', 'age': 10, 'dni': '1105000002', 'phone': '', 'email': '', 'address': 'El Valle', 'status': 'ACTIVO', 'type': 'INICIACION', 'responsible': {'name': 'Padre de Kevin', 'dni': '1105000099', 'phone': '0999999999', 'relationship': 'PADRE'}}, {'id': 13, 'firstName': 'Kevin', 'lastName': 'Niño', 'age': 10, 'dni': '1105000002', 'phone': '', 'email': '', 'address': 'El Valle', 'status': 'ACTIVO', 'type': 'INICIACION', 'responsible': {'name': 'Padre de Kevin', 'dni': '1105000099', 'phone': '0999999999', 'relationship': 'PADRE'}}, {'id': 30, 'firstName': 'María', 'lastName': 'González', 'age': 23, 'dni': '1104556789', 'phone': '0991234567', 'email': 'maria.gonzalez@ejemplo.com', 'address': 'Av. Loja y Bolívar', 'status': 'ACTIVO', 'program': 'FUNCIONAL', 'type': 'ESTUDIANTE'}, {'id': 31, 'firstName': 'Lucas', 'lastName': 'MASDA', 'age': None, 'dni': '1150464229', 'phone': '0963632123', 'email': 'sin_email@registrado.com', 'address': 'Loxaaa', 'status': 'ACTIVO', 'type': 'STUDENT'}, {'id': 32, 'firstName': 'Manuel', 'lastName': 'Corsa', 'age': 25, 'dni': '1150676829', 'phone': '0963632121', 'email': '1150676829@participante.local', 'address': 'Lojita', 'status': 'ACTIVO', 'program': 'FUNCIONAL', 'type': 'ESTUDIANTE', 'java_synced': False}, {'id': 33, 'firstName': 'Miguelito', 'lastName': 'Suarez', 'age': 23, 'dni': '1150464729', 'phone': '0963632123', 'email': '1150464729@participante.local', 'address': 'Loxita', 'status': 'ACTIVO', 'program': 'FUNCIONAL', 'type': 'ESTUDIANTE', 'java_synced': False}, {'id': 34, 'firstName': 'Lucas', 'lastName': 'Pereira', 'age': 29, 'dni': '1150464228', 'phone': '0963632122', 'email': '1150464228@participante.local', 'address': 'Lojia', 'status': 'ACTIVO', 'program': 'FUNCIONAL', 'type': 'ESTUDIANTE', 'java_synced': False}, {'id': 35, 'firstName': 'Lucas', 'lastName': 'Nose', 'age': None, 'dni': '1150464238', 'phone': '0963632129', 'email': 'lucas123@gmail.com', 'address': None, 'status': 'ACTIVO', 'program': 'FUNCIONAL', 'type': 'ESTUDIANTE'}, {'id': 36, 'firstName': 'Lucasa', 'lastName': 'Mandres', 'age': None, 'dni': '1150383839', 'phone': '0963632122', 'email': 'lucasas122@gmail.com', 'address': None, 'status': 'ACTIVO', 'program': 'FUNCIONAL', 'type': 'ESTUDIANTE'}, {'id': 37, 'external_id': '5e0e6d75-dd3a-40e9-b061-6e0e068550c8', 'firstName': 'sadas', 'lastName': 'asdadas', 'age': 25, 'dni': '1150464278', 'phone': '0963632122', 'email': '1150464278@participante.local', 'address': 'adasd', 'status': 'ACTIVO', 'type': 'TRABAJADOR', 'java_synced': False}, {'id': 38, 'external_id': '9a4e7fa6-e381-481f-a788-b598d1055f24', 'firstName': 'sfsd', 'lastName': 'sfsdfds', 'age': 24, 'dni': '1150484938', 'phone': '0963632122', 'email': '1150484938@participante.local', 'address': 'dfsdfds', 'status': 'ACTIVO', 'type': 'TRABAJADOR', 'java_synced': False}, {'id': 39, 'external_id': 'f4953bf7-c664-40a0-b488-dc6e27e18512', 'firstName': 'Lucas', 'lastName': 'Perez', 'age': 20, 'dni': '1150464230', 'phone': '0963632122', 'email': '1150464230@participante.local', 'address': 'adasd', 'status': 'ACTIVO', 'program': 'FUNCIONAL', 'type': 'ESTUDIANTE', 'java_synced': False}, {'id': 40, 'external_id': '916546aa-8014-463b-9eb6-0ad4001c8273', 'firstName': 'Fasdas', 'lastName': 'asdasda', 'age': 25, 'dni': '1150474839', 'phone': '0963632122', 'email': '1150474839@participante.local', 'address': 'dasdadsdasd', 'status': 'ACTIVO', 'type': 'TRABAJADOR', 'java_synced': False}, {'id': 41, 'external_id': 'd0ecfb33-5707-487d-820b-13aafd8afa7a', 'firstName': 'Elias', 'lastName': 'Poma', 'age': 27, 'dni': '1150464329', 'phone': '0963632128', 'email': '1150464329@participante.local', 'address': 'sdfdfdsfdsf', 'status': 'ACTIVO', 'program': 'FUNCIONAL', 'type': 'ESTUDIANTE', 'java_synced': False}, {'id': 43, 'external_id': 'f2688cf2-ccaa-4188-a527-af92018c0415', 'firstName': 'Elias', 'lastName': 'Pomadilla', 'age': 22, 'dni': '11056207123', 'phone': '0963632122', 'email': '11056207123@participante.local', 'address': 'Loxa', 'status': 'ACTIVO', 'program': 'FUNCIONAL', 'type': 'ESTUDIANTE', 'java_synced': False}, {'id': 45, 'external_id': 'a17dd442-d7c0-449d-94b6-a9792e7a0254', 'firstName': 'Darwin', 'lastName': 'Granda', 'age': 30, 'dni': '1102075332', 'phone': '0963632127', 'email': '1102075332@participante.local', 'address': 'Puyango', 'status': 'ACTIVO', 'program': 'FUNCIONAL', 'type': 'ESTUDIANTE', 'java_synced': False}, {'id': 46, 'external_id': '982317ee-a73e-4fa7-9952-21dcac983458', 'firstName': 'Darwin', 'lastName': 'Sarango', 'age': 23, 'dni': '1150474920', 'phone': '0963632127', 'email': '1150474920@participante.local', 'address': 'Tierras Coloradas', 'status': 'ACTIVO', 'type': 'ESTUDIANTE', 'program': 'FUNCIONAL', 'java_synced': False}, {'id': 47, 'external_id': 'daf2c354-7c76-4e21-9cc8-bba62f644368', 'firstName': 'Elias', 'lastName': 'Pomada', 'age': 23, 'dni': '1102075313', 'phone': '0963632122', 'email': '1102075313@participante.local', 'address': 'Loja', 'status': 'ACTIVO', 'type': 'ESTUDIANTE', 'program': 'FUNCIONAL', 'java_synced': False}, {'id': 48, 'external_id': '15f7ba8a-e96f-4fd9-ba06-19588650955c', 'firstName': 'Juan', 'lastName': 'Pérez', 'age': 25, 'dni': '1131239716', 'phone': '0991234567', 'email': 'juan.1131239716@test.com', 'address': 'Calle Falsa 123', 'status': 'ACTIVO', 'type': 'ESTUDIANTE', 'program': 'FUNCIONAL', 'java_synced': False}, {'id': 49, 'external_id': '833c2720-7471-406b-b8da-a82c3407644b', 'firstName': 'Niño', 'lastName': 'Test', 'age': 12, 'dni': '1211536246', 'phone': '', 'email': '', 'address': 'Av siempre viva', 'status': 'ACTIVO', 'type': 'INICIACION', 'program': 'INICIACION', 'program_name': 'Iniciación', 'program_id': 2, 'responsible': {'name': 'Padre Test', 'dni': '1311061807', 'phone': '0999999999', 'relationship': 'Representante'}, 'java_synced': False}, {'id': 50, 'external_id': 'f4617d29-207a-41aa-afa6-f50314d4b104', 'firstName': 'Busca', 'lastName': 'Me', 'age': 30, 'dni': '9999999999', 'phone': '', 'email': '', 'address': 'Centro', 'status': 'ACTIVO', 'type': 'EXTERNO', 'program': 'FUNCIONAL', 'java_synced': False}, {'id': 51, 'external_id': '49c4e6fe-4cb9-43fe-b69c-e555296a39de', 'firstName': 'Juan', 'lastName': 'Pérez', 'age': 25, 'dni': '1132516995', 'phone': '0991234567', 'email': 'juan.1132516995@test.com', 'address': 'Calle Falsa 123', 'status': 'ACTIVO', 'type': 'ESTUDIANTE', 'program': 'FUNCIONAL', 'java_synced': False}, {'id': 52, 'external_id': 'fd96302f-c4ee-4885-9f5e-6aa3110c6177', 'firstName': 'Niño', 'lastName': 'Test', 'age': 12, 'dni': '1218661652', 'phone': '', 'email': '', 'address': 'Av siempre viva', 'status': 'ACTIVO', 'type': 'INICIACION', 'program': 'INICIACION', 'program_name': 'Iniciación', 'program_id': 2, 'responsible': {'name': 'Padre Test', 'dni': '1318394510', 'phone': '0999999999', 'relationship': 'Representante'}, 'java_synced': False}, {'id': 53, 'external_id': '743897e1-15d4-428c-a13a-e458b35ed302', 'firstName': 'Juan', 'lastName': 'Pérez', 'age': 25, 'dni': '1129064920', 'phone': '0991234567', 'email': 'juan.1129064920@test.com', 'address': 'Calle Falsa 123', 'status': 'ACTIVO', 'type': 'ESTUDIANTE', 'program': 'FUNCIONAL', 'java_synced': False}, {'id': 54, 'external_id': 'e71c2add-06af-492d-b8d5-4723cfe203b1', 'firstName': 'Niño', 'lastName': 'Test', 'age': 12, 'dni': '1213341259', 'phone': '', 'email': '', 'address': 'Av siempre viva', 'status': 'ACTIVO', 'type': 'INICIACION', 'program': 'INICIACION', 'program_name': 'Iniciación', 'program_id': 2, 'responsible': {'name': 'Padre Test', 'dni': '1323522444', 'phone': '0999999999', 'relationship': 'Representante'}, 'java_synced': False}, {'id': 55, 'external_id': '980f3d4b-7c1a-45f7-8eec-8949d60ea133', 'firstName': 'Juan', 'lastName': 'Pérez', 'age': 25, 'dni': '1147630140', 'phone': '0991234567', 'email': 'juan.1147630140@test.com', 'address': 'Calle Falsa 123', 'status': 'ACTIVO', 'type': 'ESTUDIANTE', 'program': 'FUNCIONAL', 'java_synced': False}, {'id': 56, 'external_id': 'c5d09923-f6b1-48c0-ba68-d4524b4b196f', 'firstName': 'Niño', 'lastName': 'Test', 'age': 12, 'dni': '1221769030', 'phone': '', 'email': '', 'address': 'Av siempre viva', 'status': 'ACTIVO', 'type': 'INICIACION', 'program': 'INICIACION', 'program_name': 'Iniciación', 'program_id': 2, 'responsible': {'name': 'Padre Test', 'dni': '1321002439', 'phone': '0999999999', 'relationship': 'Representante'}, 'java_synced': False}], 'code': 200}127.0.0.1 - - [05/Jan/2026 22:00:47] "GET /api/users/participants HTTP/1.1" 200 -

2026-01-05 22:00:47,242 INFO sqlalchemy.engine.Engine BEGIN (implicit)
2026-01-05 22:00:47,242 INFO sqlalchemy.engine.Engine SELECT users.id AS users_id, users.external_id AS users_external_id, users."firstName" AS "users_firstName", users."lastName" AS "users_lastName", users.dni AS users_dni, users.phone AS users_phone, users.email AS users_email, users.address AS users_address, users.password AS users_password, users.role AS users_role, users.status AS users_status, users.java_external AS users_java_external, users.java_token AS users_java_token 
FROM users 
WHERE users.email = %(email_1)s AND users.status = %(status_1)s 
 LIMIT %(param_1)s
2026-01-05 22:00:47,243 INFO sqlalchemy.engine.Engine [cached since 0.1026s ago] {'email_1': 'admin@kallpa.com', 'status_1': 'ACTIVO', 'param_1': 1}
2026-01-05 22:00:47,244 INFO sqlalchemy.engine.Engine ROLLBACK
127.0.0.1 - - [05/Jan/2026 22:00:47] "POST /api/auth/login HTTP/1.1" 200 -
127.0.0.1 - - [05/Jan/2026 22:00:47] "POST /api/save-participants HTTP/1.1" 400 -
127.0.0.1 - - [05/Jan/2026 22:00:47] "POST /api/users/search HTTP/1.1" 200 -
TYPE: <class 'dict'> {'status': 'error', 'msg': 'Error: La cédula ya se encuentra registrada', 'data': None, 'code': 400}
TYPE: <class 'dict'> {'status': 'ok', 'msg': 'Participante encontrado (MOCK)', 'data': {'id': 50, 'external_id': 'f4617d29-207a-41aa-afa6-f50314d4b104', 'firstName': 'Busca', 'lastName': 'Me', 'age': 30, 'dni': '9999999999', 'phone': '', 'email': '', 'address': 'Centro', 'status': 'ACTIVO', 'type': 'EXTERNO', 'program': 'FUNCIONAL', 'java_synced': False}, 'code': 200}
2026-01-05 22:00:47,264 INFO sqlalchemy.engine.Engine BEGIN (implicit)
2026-01-05 22:00:47,264 INFO sqlalchemy.engine.Engine SELECT users.id AS users_id, users.external_id AS users_external_id, users."firstName" AS "users_firstName", users."lastName" AS "users_lastName", users.dni AS users_dni, users.phone AS users_phone, users.email AS users_email, users.address AS users_address, users.password AS users_password, users.role AS users_role, users.status AS users_status, users.java_external AS users_java_external, users.java_token AS users_java_token 
FROM users 
WHERE users.email = %(email_1)s AND users.status = %(status_1)s 
 LIMIT %(param_1)s
2026-01-05 22:00:47,265 INFO sqlalchemy.engine.Engine [cached since 0.1246s ago] {'email_1': 'admin@kallpa.com', 'status_1': 'ACTIVO', 'param_1': 1}
2026-01-05 22:00:47,265 INFO sqlalchemy.engine.Engine ROLLBACK
127.0.0.1 - - [05/Jan/2026 22:00:47] "POST /api/auth/login HTTP/1.1" 200 -
127.0.0.1 - - [05/Jan/2026 22:00:47] "POST /api/users/search HTTP/1.1" 404 -
TYPE: <class 'dict'> {'status': 'error', 'msg': 'Participante no encontrado', 'data': None, 'code': 404}
2026-01-05 22:01:41,212 INFO sqlalchemy.engine.Engine BEGIN (implicit)
2026-01-05 22:01:41,212 INFO sqlalchemy.engine.Engine SELECT users.id AS users_id, users.external_id AS users_external_id, users."firstName" AS "users_firstName", users."lastName" AS "users_lastName", users.dni AS users_dni, users.phone AS users_phone, users.email AS users_email, users.address AS users_address, users.password AS users_password, users.role AS users_role, users.status AS users_status, users.java_external AS users_java_external, users.java_token AS users_java_token 
FROM users 
WHERE users.email = %(email_1)s AND users.status = %(status_1)s 
 LIMIT %(param_1)s
2026-01-05 22:01:41,212 INFO sqlalchemy.engine.Engine [cached since 54.07s ago] {'email_1': 'admin@kallpa.com', 'status_1': 'ACTIVO', 'param_1': 1}
2026-01-05 22:01:41,213 INFO sqlalchemy.engine.Engine ROLLBACK
127.0.0.1 - - [05/Jan/2026 22:01:41] "POST /api/auth/login HTTP/1.1" 200 -
2026-01-05 22:01:41,215 INFO sqlalchemy.engine.Engine BEGIN (implicit)
2026-01-05 22:01:41,215 INFO sqlalchemy.engine.Engine SELECT users.id AS users_id, users.external_id AS users_external_id, users."firstName" AS "users_firstName", users."lastName" AS "users_lastName", users.dni AS users_dni, users.phone AS users_phone, users.email AS users_email, users.address AS users_address, users.password AS users_password, users.role AS users_role, users.status AS users_status, users.java_external AS users_java_external, users.java_token AS users_java_token 
FROM users 
WHERE users.email = %(email_1)s AND users.status = %(status_1)s 
 LIMIT %(param_1)s
2026-01-05 22:01:41,215 INFO sqlalchemy.engine.Engine [cached since 54.07s ago] {'email_1': 'admin@kallpa.com', 'status_1': 'ACTIVO', 'param_1': 1}
2026-01-05 22:01:41,221 INFO sqlalchemy.engine.Engine ROLLBACK
127.0.0.1 - - [05/Jan/2026 22:01:41] "POST /api/auth/login HTTP/1.1" 400 -
127.0.0.1 - - [05/Jan/2026 22:01:41] "POST /api/auth/login HTTP/1.1" 400 -
2026-01-05 22:01:41,226 INFO sqlalchemy.engine.Engine BEGIN (implicit)
2026-01-05 22:01:41,226 INFO sqlalchemy.engine.Engine SELECT users.id AS users_id, users.external_id AS users_external_id, users."firstName" AS "users_firstName", users."lastName" AS "users_lastName", users.dni AS users_dni, users.phone AS users_phone, users.email AS users_email, users.address AS users_address, users.password AS users_password, users.role AS users_role, users.status AS users_status, users.java_external AS users_java_external, users.java_token AS users_java_token 
FROM users 
WHERE users.email = %(email_1)s AND users.status = %(status_1)s 
 LIMIT %(param_1)s
2026-01-05 22:01:41,226 INFO sqlalchemy.engine.Engine [cached since 54.09s ago] {'email_1': 'admin@kallpa.com', 'status_1': 'ACTIVO', 'param_1': 1}
2026-01-05 22:01:41,227 INFO sqlalchemy.engine.Engine ROLLBACK
127.0.0.1 - - [05/Jan/2026 22:01:41] "POST /api/auth/login HTTP/1.1" 200 -
127.0.0.1 - - [05/Jan/2026 22:01:41] "POST /api/save-participants HTTP/1.1" 201 -
[UserServiceMock] No se pudo sincronizar con Java: {'success': False, 'error': 'Illegal base64 character 2e', 'errors': []}
TYPE: <class 'dict'> {'status': 'ok', 'msg': 'Participante registrado exitosamente (MOCK)', 'data': {'id': 57, 'external_id': 'd8a7e5c4-5c1e-4d71-92b0-302031e10c32', 'firstName': 'Juan', 'lastName': 'Pérez', 'age': 25, 'dni': '1125852805', 'phone': '0991234567', 'email': 'juan.1125852805@test.com', 'address': 'Calle Falsa 123', 'status': 'ACTIVO', 'type': 'ESTUDIANTE', 'program': 'FUNCIONAL', 'java_synced': False}, 'code': 201}
2026-01-05 22:01:41,244 INFO sqlalchemy.engine.Engine BEGIN (implicit)
2026-01-05 22:01:41,244 INFO sqlalchemy.engine.Engine SELECT users.id AS users_id, users.external_id AS users_external_id, users."firstName" AS "users_firstName", users."lastName" AS "users_lastName", users.dni AS users_dni, users.phone AS users_phone, users.email AS users_email, users.address AS users_address, users.password AS users_password, users.role AS users_role, users.status AS users_status, users.java_external AS users_java_external, users.java_token AS users_java_token 
FROM users 
WHERE users.email = %(email_1)s AND users.status = %(status_1)s 
 LIMIT %(param_1)s
2026-01-05 22:01:41,244 INFO sqlalchemy.engine.Engine [cached since 54.1s ago] {'email_1': 'admin@kallpa.com', 'status_1': 'ACTIVO', 'param_1': 1}
2026-01-05 22:01:41,245 INFO sqlalchemy.engine.Engine ROLLBACK
127.0.0.1 - - [05/Jan/2026 22:01:41] "POST /api/auth/login HTTP/1.1" 200 -
127.0.0.1 - - [05/Jan/2026 22:01:41] "POST /api/users HTTP/1.1" 400 -
127.0.0.1 - - [05/Jan/2026 22:01:41] "POST /api/users HTTP/1.1" 400 -
TYPE: <class 'dict'> {'status': 'error', 'msg': 'Error: La cédula ya se encuentra registrada', 'data': None, 'code': 400}
TYPE: <class 'dict'> {'status': 'error', 'msg': 'Error: La cédula ya se encuentra registrada', 'data': None, 'code': 400}
2026-01-05 22:01:41,264 INFO sqlalchemy.engine.Engine BEGIN (implicit)
2026-01-05 22:01:41,264 INFO sqlalchemy.engine.Engine SELECT users.id AS users_id, users.external_id AS users_external_id, users."firstName" AS "users_firstName", users."lastName" AS "users_lastName", users.dni AS users_dni, users.phone AS users_phone, users.email AS users_email, users.address AS users_address, users.password AS users_password, users.role AS users_role, users.status AS users_status, users.java_external AS users_java_external, users.java_token AS users_java_token 
FROM users 
WHERE users.email = %(email_1)s AND users.status = %(status_1)s 
 LIMIT %(param_1)s
2026-01-05 22:01:41,264 INFO sqlalchemy.engine.Engine [cached since 54.12s ago] {'email_1': 'admin@kallpa.com', 'status_1': 'ACTIVO', 'param_1': 1}
2026-01-05 22:01:41,265 INFO sqlalchemy.engine.Engine ROLLBACK
127.0.0.1 - - [05/Jan/2026 22:01:41] "POST /api/auth/login HTTP/1.1" 200 -
127.0.0.1 - - [05/Jan/2026 22:01:41] "POST /api/users HTTP/1.1" 400 -
TYPE: <class 'dict'> {'status': 'error', 'msg': 'Campo requerido: firstName', 'data': None, 'code': 400}
2026-01-05 22:01:41,270 INFO sqlalchemy.engine.Engine BEGIN (implicit)
2026-01-05 22:01:41,270 INFO sqlalchemy.engine.Engine SELECT users.id AS users_id, users.external_id AS users_external_id, users."firstName" AS "users_firstName", users."lastName" AS "users_lastName", users.dni AS users_dni, users.phone AS users_phone, users.email AS users_email, users.address AS users_address, users.password AS users_password, users.role AS users_role, users.status AS users_status, users.java_external AS users_java_external, users.java_token AS users_java_token 
FROM users 
WHERE users.email = %(email_1)s AND users.status = %(status_1)s 
 LIMIT %(param_1)s
2026-01-05 22:01:41,271 INFO sqlalchemy.engine.Engine [cached since 54.13s ago] {'email_1': 'admin@kallpa.com', 'status_1': 'ACTIVO', 'param_1': 1}
2026-01-05 22:01:41,272 INFO sqlalchemy.engine.Engine ROLLBACK
127.0.0.1 - - [05/Jan/2026 22:01:41] "POST /api/auth/login HTTP/1.1" 200 -
127.0.0.1 - - [05/Jan/2026 22:01:41] "POST /api/users/initiation HTTP/1.1" 201 -
TYPE: <class 'dict'> {'status': 'ok', 'msg': 'Participante de iniciación y responsable registrados correctamente (MOCK)', 'data': {'id': 58, 'external_id': '0c73001d-411f-49c5-bddb-471cd73f9b27', 'firstName': 'Niño', 'lastName': 'Test', 'age': 12, 'dni': '1245001427', 'phone': '', 'email': '', 'address': 'Av siempre viva', 'status': 'ACTIVO', 'type': 'INICIACION', 'program': 'INICIACION', 'program_name': 'Iniciación', 'program_id': 2, 'responsible': {'name': 'Padre Test', 'dni': '1334252327', 'phone': '0999999999', 'relationship': 'Representante'}, 'java_synced': False}, 'code': 201}
2026-01-05 22:01:41,289 INFO sqlalchemy.engine.Engine BEGIN (implicit)
2026-01-05 22:01:41,289 INFO sqlalchemy.engine.Engine SELECT users.id AS users_id, users.external_id AS users_external_id, users."firstName" AS "users_firstName", users."lastName" AS "users_lastName", users.dni AS users_dni, users.phone AS users_phone, users.email AS users_email, users.address AS users_address, users.password AS users_password, users.role AS users_role, users.status AS users_status, users.java_external AS users_java_external, users.java_token AS users_java_token 
FROM users 
WHERE users.email = %(email_1)s AND users.status = %(status_1)s 
 LIMIT %(param_1)s
2026-01-05 22:01:41,289 INFO sqlalchemy.engine.Engine [cached since 54.15s ago] {'email_1': 'admin@kallpa.com', 'status_1': 'ACTIVO', 'param_1': 1}
2026-01-05 22:01:41,290 INFO sqlalchemy.engine.Engine ROLLBACK
127.0.0.1 - - [05/Jan/2026 22:01:41] "POST /api/auth/login HTTP/1.1" 200 -
TYPE: <class 'dict'> {'status': 'ok', 'msg': 'Participantes obtenidos correctamente (MOCK)', 'data': [{'id': 1, 'firstName': 'Joseph', 'lastName': 'Balcazar', 'email': 'joseph@example.com', 'dni': None, 'phone': None, 'age': None, 'address': None, 'status': 'ACTIVO', 'type': 'PARTICIPANTE'}, {'id': 2, 'firstName': 'Joseph', 'lastName': 'Balcazar', 'email': 'joseph@example.com', 'dni': None, 'phone': None, 'age': None, 'address': None, 'status': 'ACTIVO', 'type': 'PARTICIPANTE'}, {'id': 3, 'firstName': 'Joseph', 'lastName': 'Balcazar', 'email': 'joseph@example.com', 'dni': None, 'phone': None, 'age': None, 'address': None, 'status': 'ACTIVO', 'type': 'PARTICIPANTE'}, {'id': 7, 'firstName': 'Carlos', 'lastName': 'Vargas', 'age': 22, 'dni': '1104005001', 'phone': '0991234567', 'email': 'carlos.vargas@ejemplo.com', 'address': 'Av. Universitaria', 'status': 'ACTIVO', 'program': 'FUNCIONAL', 'type': 'ESTUDIANTE'}, {'id': 8, 'firstName': 'Pedrito', 'lastName': 'González', 'age': 8, 'dni': '1100000001', 'phone': '', 'email': '', 'address': 'Loja Centro', 'status': 'ACTIVO', 'type': 'INICIACION', 'responsible': {'name': 'María González', 'dni': '1100000002', 'phone': '0991234567', 'relationship': 'MADRE'}}, {'id': 9, 'firstName': 'Pedrito', 'lastName': 'González', 'age': 8, 'dni': '1100000001', 'phone': '', 'email': '', 'address': 'Loja Centro', 'status': 'ACTIVO', 'type': 'INICIACION', 'responsible': {'name': 'María González', 'dni': '1100000002', 'phone': '0991234567', 'relationship': 'MADRE'}}, {'id': 10, 'firstName': 'Carlos', 'lastName': 'Varg', 'age': 21, 'dni': '1104005002', 'phone': '0991234565', 'email': 'carlos.vargas@ejempo.com', 'address': 'Av. Universitaia', 'status': 'ACTIVO', 'program': 'FUNCIONAL', 'type': 'ESTUDIANTE'}, {'id': 11, 'firstName': 'Juan', 'lastName': 'Pérez', 'age': 25, 'dni': '1104000001', 'phone': '0991234567', 'email': 'juan.perez@unl.edu.ec', 'address': 'San Sebastián', 'status': 'ACTIVO', 'program': 'FUNCIONAL', 'type': 'ESTUDIANTE'}, {'id': 12, 'firstName': 'Kevin', 'lastName': 'Niño', 'age': 10, 'dni': '1105000002', 'phone': '', 'email': '', 'address': 'El Valle', 'status': 'ACTIVO', 'type': 'INICIACION', 'responsible': {'name': 'Padre de Kevin', 'dni': '1105000099', 'phone': '0999999999', 'relationship': 'PADRE'}}, {'id': 13, 'firstName': 'Kevin', 'lastName': 'Niño', 'age': 10, 'dni': '1105000002', 'phone': '', 'email': '', 'address': 'El Valle', 'status': 'ACTIVO', 'type': 'INICIACION', 'responsible': {'name': 'Padre de Kevin', 'dni': '1105000099', 'phone': '0999999999', 'relationship': 'PADRE'}}, {'id': 30, 'firstName': 'María', 'lastName': 'González', 'age': 23, 'dni': '1104556789', 'phone': '0991234567', 'email': 'maria.gonzalez@ejemplo.com', 'address': 'Av. Loja y Bolívar', 'status': 'ACTIVO', 'program': 'FUNCIONAL', 'type': 'ESTUDIANTE'}, {'id': 31, 'firstName': 'Lucas', 'lastName': 'MASDA', 'age': None, 'dni': '1150464229', 'phone': '0963632123', 'email': 'sin_email@registrado.com', 'address': 'Loxaaa', 'status': 'ACTIVO', 'type': 'STUDENT'}, {'id': 32, 'firstName': 'Manuel', 'lastName': 'Corsa', 'age': 25, 'dni': '1150676829', 'phone': '0963632121', 'email': '1150676829@participante.local', 'address': 'Lojita', 'status': 'ACTIVO', 'program': 'FUNCIONAL', 'type': 'ESTUDIANTE', 'java_synced': False}, {'id': 33, 'firstName': 'Miguelito', 'lastName': 'Suarez', 'age': 23, 'dni': '1150464729', 'phone': '0963632123', 'email': '1150464729@participante.local', 'address': 'Loxita', 'status': 'ACTIVO', 'program': 'FUNCIONAL', 'type': 'ESTUDIANTE', 'java_synced': False}, {'id': 34, 'firstName': 'Lucas', 'lastName': 'Pereira', 'age': 29, 'dni': '1150464228', 'phone': '0963632122', 'email': '1150464228@participante.local', 'address': 'Lojia', 'status': 'ACTIVO', 'program': 'FUNCIONAL', 'type': 'ESTUDIANTE', 'java_synced': False}, {'id': 35, 'firstName': 'Lucas', 'lastName': 'Nose', 'age': None, 'dni': '1150464238', 'phone': '0963632129', 'email': 'lucas123@gmail.com', 'address': None, 'status': 'ACTIVO', 'program': 'FUNCIONAL', 'type': 'ESTUDIANTE'}, {'id': 36, 'firstName': 'Lucasa', 'lastName': 'Mandres', 'age': None, 'dni': '1150383839', 'phone': '0963632122', 'email': 'lucasas122@gmail.com', 'address': None, 'status': 'ACTIVO', 'program': 'FUNCIONAL', 'type': 'ESTUDIANTE'}, {'id': 37, 'external_id': '5e0e6d75-dd3a-40e9-b061-6e0e068550c8', 'firstName': 'sadas', 'lastName': 'asdadas', 'age': 25, 'dni': '1150464278', 'phone': '0963632122', 'email': '1150464278@participante.local', 'address': 'adasd', 'status': 'ACTIVO', 'type': 'TRABAJADOR', 'java_synced': False}, {'id': 38, 'external_id': '9a4e7fa6-e381-481f-a788-b598d1055f24', 'firstName': 'sfsd', 'lastName': 'sfsdfds', 'age': 24, 'dni': '1150484938', 'phone': '0963632122', 'email': '1150484938@participante.local', 'address': 'dfsdfds', 'status': 'ACTIVO', 'type': 'TRABAJADOR', 'java_synced': False}, {'id': 39, 'external_id': 'f4953bf7-c664-40a0-b488-dc6e27e18512', 'firstName': 'Lucas', 'lastName': 'Perez', 'age': 20, 'dni': '1150464230', 'phone': '0963632122', 'email': '1150464230@participante.local', 'address': 'adasd', 'status': 'ACTIVO', 'program': 'FUNCIONAL', 'type': 'ESTUDIANTE', 'java_synced': False}, {'id': 40, 'external_id': '916546aa-8014-463b-9eb6-0ad4001c8273', 'firstName': 'Fasdas', 'lastName': 'asdasda', 'age': 25, 'dni': '1150474839', 'phone': '0963632122', 'email': '1150474839@participante.local', 'address': 'dasdadsdasd', 'status': 'ACTIVO', 'type': 'TRABAJADOR', 'java_synced': False}, {'id': 41, 'external_id': 'd0ecfb33-5707-487d-820b-13aafd8afa7a', 'firstName': 'Elias', 'lastName': 'Poma', 'age': 27, 'dni': '1150464329', 'phone': '0963632128', 'email': '1150464329@participante.local', 'address': 'sdfdfdsfdsf', 'status': 'ACTIVO', 'program': 'FUNCIONAL', 'type': 'ESTUDIANTE', 'java_synced': False}, {'id': 43, 'external_id': 'f2688cf2-ccaa-4188-a527-af92018c0415', 'firstName': 'Elias', 'lastName': 'Pomadilla', 'age': 22, 'dni': '11056207123', 'phone': '0963632122', 'email': '11056207123@participante.local', 'address': 'Loxa', 'status': 'ACTIVO', 'program': 'FUNCIONAL', 'type': 'ESTUDIANTE', 'java_synced': False}, {'id': 45, 'external_id': 'a17dd442-d7c0-449d-94b6-a9792e7a0254', 'firstName': 'Darwin', 'lastName': 'Granda', 'age': 30, 'dni': '1102075332', 'phone': '0963632127', 'email': '1102075332@participante.local', 'address': 'Puyango', 'status': 'ACTIVO', 'program': 'FUNCIONAL', 'type': 'ESTUDIANTE', 'java_synced': False}, {'id': 46, 'external_id': '982317ee-a73e-4fa7-9952-21dcac983458', 'firstName': 'Darwin', 'lastName': 'Sarango', 'age': 23, 'dni': '1150474920', 'phone': '0963632127', 'email': '1150474920@participante.local', 'address': 'Tierras Coloradas', 'status': 'ACTIVO', 'type': 'ESTUDIANTE', 'program': 'FUNCIONAL', 'java_synced': False}, {'id': 47, 'external_id': 'daf2c354-7c76-4e21-9cc8-bba62f644368', 'firstName': 'Elias', 'lastName': 'Pomada', 'age': 23, 'dni': '1102075313', 'phone': '0963632122', 'email': '1102075313@participante.local', 'address': 'Loja', 'status': 'ACTIVO', 'type': 'ESTUDIANTE', 'program': 'FUNCIONAL', 'java_synced': False}, {'id': 48, 'external_id': '15f7ba8a-e96f-4fd9-ba06-19588650955c', 'firstName': 'Juan', 'lastName': 'Pérez', 'age': 25, 'dni': '1131239716', 'phone': '0991234567', 'email': 'juan.1131239716@test.com', 'address': 'Calle Falsa 123', 'status': 'ACTIVO', 'type': 'ESTUDIANTE', 'program': 'FUNCIONAL', 'java_synced': False}, {'id': 49, 'external_id': '833c2720-7471-406b-b8da-a82c3407644b', 'firstName': 'Niño', 'lastName': 'Test', 'age': 12, 'dni': '1211536246', 'phone': '', 'email': '', 'address': 'Av siempre viva', 'status': 'ACTIVO', 'type': 'INICIACION', 'program': 'INICIACION', 'program_name': 'Iniciación', 'program_id': 2, 'responsible': {'name': 'Padre Test', 'dni': '1311061807', 'phone': '0999999999', 'relationship': 'Representante'}, 'java_synced': False}, {'id': 50, 'external_id': 'f4617d29-207a-41aa-afa6-f50314d4b104', 'firstName': 'Busca', 'lastName': 'Me', 'age': 30, 'dni': '9999999999', 'phone': '', 'email': '', 'address': 'Centro', 'status': 'ACTIVO', 'type': 'EXTERNO', 'program': 'FUNCIONAL', 'java_synced': False}, {'id': 51, 'external_id': '49c4e6fe-4cb9-43fe-b69c-e555296a39de', 'firstName': 'Juan', 'lastName': 'Pérez', 'age': 25, 'dni': '1132516995', 'phone': '0991234567', 'email': 'juan.1132516995@test.com', 'address': 'Calle Falsa 123', 'status': 'ACTIVO', 'type': 'ESTUDIANTE', 'program': 'FUNCIONAL', 'java_synced': False}, {'id': 52, 'external_id': 'fd96302f-c4ee-4885-9f5e-6aa3110c6177', 'firstName': 'Niño', 'lastName': 'Test', 'age': 12, 'dni': '1218661652', 'phone': '', 'email': '', 'address': 'Av siempre viva', 'status': 'ACTIVO', 'type': 'INICIACION', 'program': 'INICIACION', 'program_name': 'Iniciación', 'program_id': 2, 'responsible': {'name': 'Padre Test', 'dni': '1318394510', 'phone': '0999999999', 'relationship': 'Representante'}, 'java_synced': False}, {'id': 53, 'external_id': '743897e1-15d4-428c-a13a-e458b35ed302', 'firstName': 'Juan', 'lastName': 'Pérez', 'age': 25, 'dni': '1129064920', 'phone': '0991234567', 'email': 'juan.1129064920@test.com', 'address': 'Calle Falsa 123', 'status': 'ACTIVO', 'type': 'ESTUDIANTE', 'program': 'FUNCIONAL', 'java_synced': False}, {'id': 54, 'external_id': 'e71c2add-06af-492d-b8d5-4723cfe203b1', 'firstName': 'Niño', 'lastName': 'Test', 'age': 12, 'dni': '1213341259', 'phone': '', 'email': '', 'address': 'Av siempre viva', 'status': 'ACTIVO', 'type': 'INICIACION', 'program': 'INICIACION', 'program_name': 'Iniciación', 'program_id': 2, 'responsible': {'name': 'Padre Test', 'dni': '1323522444', 'phone': '0999999999', 'relationship': 'Representante'}, 'java_synced': False}, {'id': 55, 'external_id': '980f3d4b-7c1a-45f7-8eec-8949d60ea133', 'firstName': 'Juan', 'lastName': 'Pérez', 'age': 25, 'dni': '1147630140', 'phone': '0991234567', 'email': 'juan.1147630140@test.com', 'address': 'Calle Falsa 123', 'status': 'ACTIVO', 'type': 'ESTUDIANTE', 'program': 'FUNCIONAL', 'java_synced': False}, {'id': 56, 'external_id': 'c5d09923-f6b1-48c0-ba68-d4524b4b196f', 'firstName': 'Niño', 'lastName': 'Test', 'age': 12, 'dni': '1221769030', 'phone': '', 'email': '', 'address': 'Av siempre viva', 'status': 'ACTIVO', 'type': 'INICIACION', 'program': 'INICIACION', 'program_name': 'Iniciación', 'program_id': 2, 'responsible': {'name': 'Padre Test', 'dni': '1321002439', 'phone': '0999999999', 'relationship': 'Representante'}, 'java_synced': False}, {'id': 57, 'external_id': 'd8a7e5c4-5c1e-4d71-92b0-302031e10c32', 'firstName': 'Juan', 'lastName': 'Pérez', 'age': 25, 'dni': '1125852805', 'phone': '0991234567', 'email': 'juan.1125852805@test.com', 'address': 'Calle Falsa 123', 'status': 'ACTIVO', 'type': 'ESTUDIANTE', 'program': 'FUNCIONAL', 'java_synced': False}, {'id': 58, 'external_id': '0c73001d-411f-49c5-bddb-471cd73f9b27', 'firstName': 'Niño', 'lastName': 'Test', 'age': 12, 'dni': '1245001427', 'phone': '', 'email': '', 'address': 'Av siempre viva', 'status': 'ACTIVO', 'type': 'INICIACION', 'program': 'INICIACION', 'program_name': 'Iniciación', 'program_id': 2, 'responsible': {'name': 'Padre Test', 'dni': '1334252327', 'phone': '0999999999', 'relationship': 'Representante'}, 'java_synced': False}], 'code': 200}127.0.0.1 - - [05/Jan/2026 22:01:41] "GET /api/users/participants HTTP/1.1" 200 -

2026-01-05 22:01:41,295 INFO sqlalchemy.engine.Engine BEGIN (implicit)
2026-01-05 22:01:41,296 INFO sqlalchemy.engine.Engine SELECT users.id AS users_id, users.external_id AS users_external_id, users."firstName" AS "users_firstName", users."lastName" AS "users_lastName", users.dni AS users_dni, users.phone AS users_phone, users.email AS users_email, users.address AS users_address, users.password AS users_password, users.role AS users_role, users.status AS users_status, users.java_external AS users_java_external, users.java_token AS users_java_token 
FROM users 
WHERE users.email = %(email_1)s AND users.status = %(status_1)s 
 LIMIT %(param_1)s
2026-01-05 22:01:41,296 INFO sqlalchemy.engine.Engine [cached since 54.16s ago] {'email_1': 'admin@kallpa.com', 'status_1': 'ACTIVO', 'param_1': 1}
2026-01-05 22:01:41,296 INFO sqlalchemy.engine.Engine ROLLBACK
127.0.0.1 - - [05/Jan/2026 22:01:41] "POST /api/auth/login HTTP/1.1" 200 -
127.0.0.1 - - [05/Jan/2026 22:01:41] "POST /api/save-participants HTTP/1.1" 400 -
127.0.0.1 - - [05/Jan/2026 22:01:41] "POST /api/users/search HTTP/1.1" 200 -
TYPE: <class 'dict'> {'status': 'error', 'msg': 'Error: La cédula ya se encuentra registrada', 'data': None, 'code': 400}
TYPE: <class 'dict'> {'status': 'ok', 'msg': 'Participante encontrado (MOCK)', 'data': {'id': 50, 'external_id': 'f4617d29-207a-41aa-afa6-f50314d4b104', 'firstName': 'Busca', 'lastName': 'Me', 'age': 30, 'dni': '9999999999', 'phone': '', 'email': '', 'address': 'Centro', 'status': 'ACTIVO', 'type': 'EXTERNO', 'program': 'FUNCIONAL', 'java_synced': False}, 'code': 200}
2026-01-05 22:01:41,316 INFO sqlalchemy.engine.Engine BEGIN (implicit)
2026-01-05 22:01:41,316 INFO sqlalchemy.engine.Engine SELECT users.id AS users_id, users.external_id AS users_external_id, users."firstName" AS "users_firstName", users."lastName" AS "users_lastName", users.dni AS users_dni, users.phone AS users_phone, users.email AS users_email, users.address AS users_address, users.password AS users_password, users.role AS users_role, users.status AS users_status, users.java_external AS users_java_external, users.java_token AS users_java_token 
FROM users 
WHERE users.email = %(email_1)s AND users.status = %(status_1)s 
 LIMIT %(param_1)s
2026-01-05 22:01:41,316 INFO sqlalchemy.engine.Engine [cached since 54.18s ago] {'email_1': 'admin@kallpa.com', 'status_1': 'ACTIVO', 'param_1': 1}
2026-01-05 22:01:41,317 INFO sqlalchemy.engine.Engine ROLLBACK
127.0.0.1 - - [05/Jan/2026 22:01:41] "POST /api/auth/login HTTP/1.1" 200 -
127.0.0.1 - - [05/Jan/2026 22:01:41] "POST /api/users/search HTTP/1.1" 404 -
